2017-03-01 14:57:03,776 [main] ERROR o.e.m.c.i.l.MavenExternalRuntime - Could not parse classwords configuration file
java.io.FileNotFoundException: E:\apache-maven-3.3.9\bin\m2.conf (系统找不到指定的路径。)
	at java.io.FileInputStream.open(Native Method) ~[na:1.7.0_79]
	at java.io.FileInputStream.<init>(FileInputStream.java:146) ~[na:1.7.0_79]
	at org.eclipse.m2e.core.internal.launch.MavenExternalRuntime.getVersion0(MavenExternalRuntime.java:235) [org.eclipse.m2e.core_1.6.2.20150902-0002.jar:na]
	at org.eclipse.m2e.core.internal.launch.MavenExternalRuntime.getVersion(MavenExternalRuntime.java:194) [org.eclipse.m2e.core_1.6.2.20150902-0002.jar:na]
	at org.eclipse.m2e.core.internal.launch.MavenExternalRuntime.toString(MavenExternalRuntime.java:163) [org.eclipse.m2e.core_1.6.2.20150902-0002.jar:na]
	at org.eclipse.m2e.core.ui.internal.preferences.launch.MavenInstallationsPreferencePage$RuntimesLabelProvider.getColumnText(MavenInstallationsPreferencePage.java:313) [org.eclipse.m2e.core.ui_1.6.2.20150902-0002.jar:na]
	at org.eclipse.jface.viewers.TableColumnViewerLabelProvider.update(TableColumnViewerLabelProvider.java:66) [org.eclipse.jface_3.11.1.v20160128-1644.jar:na]
	at org.eclipse.jface.viewers.ViewerColumn.refresh(ViewerColumn.java:154) [org.eclipse.jface_3.11.1.v20160128-1644.jar:na]
	at org.eclipse.jface.viewers.AbstractTableViewer.doUpdateItem(AbstractTableViewer.java:385) [org.eclipse.jface_3.11.1.v20160128-1644.jar:na]
	at org.eclipse.jface.viewers.CheckboxTableViewer.doUpdateItem(CheckboxTableViewer.java:169) [org.eclipse.jface_3.11.1.v20160128-1644.jar:na]
	at org.eclipse.jface.viewers.StructuredViewer$UpdateItemSafeRunnable.run(StructuredViewer.java:473) [org.eclipse.jface_3.11.1.v20160128-1644.jar:na]
	at org.eclipse.core.runtime.SafeRunner.run(SafeRunner.java:42) [org.eclipse.equinox.common_3.7.0.v20150402-1709.jar:na]
	at org.eclipse.ui.internal.JFaceUtil$1.run(JFaceUtil.java:50) [org.eclipse.ui.workbench_3.107.1.v20160120-2131.jar:na]
	at org.eclipse.jface.util.SafeRunnable.run(SafeRunnable.java:173) [org.eclipse.jface_3.11.1.v20160128-1644.jar:na]
	at org.eclipse.jface.viewers.StructuredViewer.updateItem(StructuredViewer.java:2176) [org.eclipse.jface_3.11.1.v20160128-1644.jar:na]
	at org.eclipse.jface.viewers.AbstractTableViewer.createItem(AbstractTableViewer.java:276) [org.eclipse.jface_3.11.1.v20160128-1644.jar:na]
	at org.eclipse.jface.viewers.AbstractTableViewer.internalRefreshAll(AbstractTableViewer.java:723) [org.eclipse.jface_3.11.1.v20160128-1644.jar:na]
	at org.eclipse.jface.viewers.AbstractTableViewer.internalRefresh(AbstractTableViewer.java:615) [org.eclipse.jface_3.11.1.v20160128-1644.jar:na]
	at org.eclipse.jface.viewers.AbstractTableViewer.internalRefresh(AbstractTableViewer.java:607) [org.eclipse.jface_3.11.1.v20160128-1644.jar:na]
	at org.eclipse.jface.viewers.AbstractTableViewer$1.run(AbstractTableViewer.java:567) [org.eclipse.jface_3.11.1.v20160128-1644.jar:na]
	at org.eclipse.jface.viewers.StructuredViewer.preservingSelection(StructuredViewer.java:1462) [org.eclipse.jface_3.11.1.v20160128-1644.jar:na]
	at org.eclipse.jface.viewers.StructuredViewer.preservingSelection(StructuredViewer.java:1423) [org.eclipse.jface_3.11.1.v20160128-1644.jar:na]
	at org.eclipse.jface.viewers.CheckboxTableViewer.preservingSelection(CheckboxTableViewer.java:344) [org.eclipse.jface_3.11.1.v20160128-1644.jar:na]
	at org.eclipse.jface.viewers.AbstractTableViewer.inputChanged(AbstractTableViewer.java:564) [org.eclipse.jface_3.11.1.v20160128-1644.jar:na]
	at org.eclipse.jface.viewers.ContentViewer.setInput(ContentViewer.java:292) [org.eclipse.jface_3.11.1.v20160128-1644.jar:na]
	at org.eclipse.jface.viewers.StructuredViewer.setInput(StructuredViewer.java:1701) [org.eclipse.jface_3.11.1.v20160128-1644.jar:na]
	at org.eclipse.m2e.core.ui.internal.preferences.launch.MavenInstallationsPreferencePage.createContents(MavenInstallationsPreferencePage.java:130) [org.eclipse.m2e.core.ui_1.6.2.20150902-0002.jar:na]
	at org.eclipse.jface.preference.PreferencePage.createControl(PreferencePage.java:241) [org.eclipse.jface_3.11.1.v20160128-1644.jar:na]
	at org.eclipse.jface.preference.PreferenceDialog.createPageControl(PreferenceDialog.java:1450) [org.eclipse.jface_3.11.1.v20160128-1644.jar:na]
	at org.eclipse.jface.preference.PreferenceDialog$13.run(PreferenceDialog.java:1217) [org.eclipse.jface_3.11.1.v20160128-1644.jar:na]
	at org.eclipse.core.runtime.SafeRunner.run(SafeRunner.java:42) [org.eclipse.equinox.common_3.7.0.v20150402-1709.jar:na]
	at org.eclipse.ui.internal.JFaceUtil$1.run(JFaceUtil.java:50) [org.eclipse.ui.workbench_3.107.1.v20160120-2131.jar:na]
	at org.eclipse.jface.util.SafeRunnable.run(SafeRunnable.java:173) [org.eclipse.jface_3.11.1.v20160128-1644.jar:na]
	at org.eclipse.jface.preference.PreferenceDialog.showPage(PreferenceDialog.java:1209) [org.eclipse.jface_3.11.1.v20160128-1644.jar:na]
	at org.eclipse.ui.internal.dialogs.FilteredPreferenceDialog.showPage(FilteredPreferenceDialog.java:608) [org.eclipse.ui.workbench_3.107.1.v20160120-2131.jar:na]
	at org.eclipse.jface.preference.PreferenceDialog$9$1.run(PreferenceDialog.java:675) [org.eclipse.jface_3.11.1.v20160128-1644.jar:na]
	at org.eclipse.swt.custom.BusyIndicator.showWhile(BusyIndicator.java:70) [org.eclipse.swt.win32.win32.x86_64_3.104.2.v20160212-1350.jar:na]
	at org.eclipse.jface.preference.PreferenceDialog$9.selectionChanged(PreferenceDialog.java:670) [org.eclipse.jface_3.11.1.v20160128-1644.jar:na]
	at org.eclipse.jface.viewers.StructuredViewer$3.run(StructuredViewer.java:877) [org.eclipse.jface_3.11.1.v20160128-1644.jar:na]
	at org.eclipse.core.runtime.SafeRunner.run(SafeRunner.java:42) [org.eclipse.equinox.common_3.7.0.v20150402-1709.jar:na]
	at org.eclipse.ui.internal.JFaceUtil$1.run(JFaceUtil.java:50) [org.eclipse.ui.workbench_3.107.1.v20160120-2131.jar:na]
	at org.eclipse.jface.util.SafeRunnable.run(SafeRunnable.java:173) [org.eclipse.jface_3.11.1.v20160128-1644.jar:na]
	at org.eclipse.jface.viewers.StructuredViewer.firePostSelectionChanged(StructuredViewer.java:874) [org.eclipse.jface_3.11.1.v20160128-1644.jar:na]
	at org.eclipse.jface.viewers.StructuredViewer.handlePostSelect(StructuredViewer.java:1243) [org.eclipse.jface_3.11.1.v20160128-1644.jar:na]
	at org.eclipse.jface.viewers.StructuredViewer$5.widgetSelected(StructuredViewer.java:1269) [org.eclipse.jface_3.11.1.v20160128-1644.jar:na]
	at org.eclipse.jface.util.OpenStrategy.firePostSelectionEvent(OpenStrategy.java:265) [org.eclipse.jface_3.11.1.v20160128-1644.jar:na]
	at org.eclipse.jface.util.OpenStrategy.access$5(OpenStrategy.java:259) [org.eclipse.jface_3.11.1.v20160128-1644.jar:na]
	at org.eclipse.jface.util.OpenStrategy$1$2.run(OpenStrategy.java:440) [org.eclipse.jface_3.11.1.v20160128-1644.jar:na]
	at org.eclipse.swt.widgets.RunnableLock.run(RunnableLock.java:35) [org.eclipse.swt.win32.win32.x86_64_3.104.2.v20160212-1350.jar:na]
	at org.eclipse.swt.widgets.Synchronizer.runAsyncMessages(Synchronizer.java:135) [org.eclipse.swt.win32.win32.x86_64_3.104.2.v20160212-1350.jar:na]
	at org.eclipse.swt.widgets.Display.runAsyncMessages(Display.java:4155) [org.eclipse.swt.win32.win32.x86_64_3.104.2.v20160212-1350.jar:na]
	at org.eclipse.swt.widgets.Display.readAndDispatch(Display.java:3772) [org.eclipse.swt.win32.win32.x86_64_3.104.2.v20160212-1350.jar:na]
	at org.eclipse.jface.window.Window.runEventLoop(Window.java:827) [org.eclipse.jface_3.11.1.v20160128-1644.jar:na]
	at org.eclipse.jface.window.Window.open(Window.java:803) [org.eclipse.jface_3.11.1.v20160128-1644.jar:na]
	at org.eclipse.ui.internal.dialogs.WorkbenchPreferenceDialog.open(WorkbenchPreferenceDialog.java:211) [org.eclipse.ui.workbench_3.107.1.v20160120-2131.jar:na]
	at org.eclipse.ui.internal.OpenPreferencesAction.run(OpenPreferencesAction.java:63) [org.eclipse.ui.workbench_3.107.1.v20160120-2131.jar:na]
	at org.eclipse.jface.action.Action.runWithEvent(Action.java:473) [org.eclipse.jface_3.11.1.v20160128-1644.jar:na]
	at org.eclipse.jface.action.ActionContributionItem.handleWidgetSelection(ActionContributionItem.java:595) [org.eclipse.jface_3.11.1.v20160128-1644.jar:na]
	at org.eclipse.jface.action.ActionContributionItem.access$2(ActionContributionItem.java:511) [org.eclipse.jface_3.11.1.v20160128-1644.jar:na]
	at org.eclipse.jface.action.ActionContributionItem$5.handleEvent(ActionContributionItem.java:420) [org.eclipse.jface_3.11.1.v20160128-1644.jar:na]
	at org.eclipse.swt.widgets.EventTable.sendEvent(EventTable.java:84) [org.eclipse.swt.win32.win32.x86_64_3.104.2.v20160212-1350.jar:na]
	at org.eclipse.swt.widgets.Display.sendEvent(Display.java:4362) [org.eclipse.swt.win32.win32.x86_64_3.104.2.v20160212-1350.jar:na]
	at org.eclipse.swt.widgets.Widget.sendEvent(Widget.java:1113) [org.eclipse.swt.win32.win32.x86_64_3.104.2.v20160212-1350.jar:na]
	at org.eclipse.swt.widgets.Display.runDeferredEvents(Display.java:4180) [org.eclipse.swt.win32.win32.x86_64_3.104.2.v20160212-1350.jar:na]
	at org.eclipse.swt.widgets.Display.readAndDispatch(Display.java:3769) [org.eclipse.swt.win32.win32.x86_64_3.104.2.v20160212-1350.jar:na]
	at org.eclipse.e4.ui.internal.workbench.swt.PartRenderingEngine$4.run(PartRenderingEngine.java:1127) [org.eclipse.e4.ui.workbench.swt_0.13.0.v20150504-0621.jar:na]
	at org.eclipse.core.databinding.observable.Realm.runWithDefault(Realm.java:337) [org.eclipse.core.databinding.observable_1.5.0.v20150422-0725.jar:na]
	at org.eclipse.e4.ui.internal.workbench.swt.PartRenderingEngine.run(PartRenderingEngine.java:1018) [org.eclipse.e4.ui.workbench.swt_0.13.0.v20150504-0621.jar:na]
	at org.eclipse.e4.ui.internal.workbench.E4Workbench.createAndRunUI(E4Workbench.java:156) [org.eclipse.e4.ui.workbench_1.3.1.v20160203-0951.jar:na]
	at org.eclipse.ui.internal.Workbench$5.run(Workbench.java:694) [org.eclipse.ui.workbench_3.107.1.v20160120-2131.jar:na]
	at org.eclipse.core.databinding.observable.Realm.runWithDefault(Realm.java:337) [org.eclipse.core.databinding.observable_1.5.0.v20150422-0725.jar:na]
	at org.eclipse.ui.internal.Workbench.createAndRunWorkbench(Workbench.java:606) [org.eclipse.ui.workbench_3.107.1.v20160120-2131.jar:na]
	at org.eclipse.ui.PlatformUI.createAndRunWorkbench(PlatformUI.java:150) [org.eclipse.ui.workbench_3.107.1.v20160120-2131.jar:na]
	at org.eclipse.ui.internal.ide.application.IDEApplication.start(IDEApplication.java:139) [org.eclipse.ui.ide.application_1.1.0.v20150422-0725.jar:na]
	at org.eclipse.equinox.internal.app.EclipseAppHandle.run(EclipseAppHandle.java:196) [org.eclipse.equinox.app_1.3.300.v20150423-1356.jar:na]
	at org.eclipse.core.runtime.internal.adaptor.EclipseAppLauncher.runApplication(EclipseAppLauncher.java:134) [org.eclipse.osgi_3.10.102.v20160118-1700.jar:na]
	at org.eclipse.core.runtime.internal.adaptor.EclipseAppLauncher.start(EclipseAppLauncher.java:104) [org.eclipse.osgi_3.10.102.v20160118-1700.jar:na]
	at org.eclipse.core.runtime.adaptor.EclipseStarter.run(EclipseStarter.java:380) [org.eclipse.osgi_3.10.102.v20160118-1700.jar:na]
	at org.eclipse.core.runtime.adaptor.EclipseStarter.run(EclipseStarter.java:235) [org.eclipse.osgi_3.10.102.v20160118-1700.jar:na]
	at sun.reflect.NativeMethodAccessorImpl.invoke0(Native Method) ~[na:1.7.0_79]
	at sun.reflect.NativeMethodAccessorImpl.invoke(NativeMethodAccessorImpl.java:57) ~[na:1.7.0_79]
	at sun.reflect.DelegatingMethodAccessorImpl.invoke(DelegatingMethodAccessorImpl.java:43) ~[na:1.7.0_79]
	at java.lang.reflect.Method.invoke(Method.java:606) ~[na:1.7.0_79]
	at org.eclipse.equinox.launcher.Main.invokeFramework(Main.java:669) [org.eclipse.equinox.launcher_1.3.100.v20150511-1540.jar:na]
	at org.eclipse.equinox.launcher.Main.basicRun(Main.java:608) [org.eclipse.equinox.launcher_1.3.100.v20150511-1540.jar:na]
	at org.eclipse.equinox.launcher.Main.run(Main.java:1515) [org.eclipse.equinox.launcher_1.3.100.v20150511-1540.jar:na]
