2017-05-12 11:07:26,296 [Worker-0] INFO  o.e.m.c.i.l.LifecycleMappingFactory - Using NULL lifecycle mapping for MavenProject: cn.itcast.erp:erp_parent:0.0.1-SNAPSHOT @ D:\a\erp_parent\pom.xml.
2017-05-12 11:07:30,168 [Worker-0] WARN  o.e.m.c.i.embedder.EclipseLogger - The POM for com.oracle:ojdbc6:jar:11.2.0.1.0 is missing, no dependency information available
2017-05-12 11:07:32,627 [Worker-0] INFO  o.e.m.c.i.l.LifecycleMappingFactory - Using org.eclipse.m2e.jdt.JarLifecycleMapping lifecycle mapping for MavenProject: cn.itcast.erp:erp_entity:0.0.1-SNAPSHOT @ D:\a\erp_parent\erp_entity\pom.xml.
2017-05-12 11:07:37,765 [Worker-0] INFO  o.e.m.c.i.e.AbstractTransferListenerAdapter - Downloading https://repo.maven.apache.org/maven2/org/apache/shiro/shiro-core/1.2.3/shiro-core-1.2.3.jar
2017-05-12 11:07:43,854 [Worker-0] INFO  o.e.m.c.i.e.AbstractTransferListenerAdapter - Downloaded https://repo.maven.apache.org/maven2/org/apache/shiro/shiro-core/1.2.3/shiro-core-1.2.3.jar
2017-05-12 11:07:44,222 [Worker-0] INFO  o.e.m.c.i.e.AbstractTransferListenerAdapter - Downloading https://repo.maven.apache.org/maven2/commons-beanutils/commons-beanutils/1.8.3/commons-beanutils-1.8.3.jar
2017-05-12 11:07:45,781 [Worker-0] INFO  o.e.m.c.i.e.AbstractTransferListenerAdapter - Downloaded https://repo.maven.apache.org/maven2/commons-beanutils/commons-beanutils/1.8.3/commons-beanutils-1.8.3.jar
2017-05-12 11:07:46,195 [Worker-0] INFO  o.e.m.c.i.e.AbstractTransferListenerAdapter - Downloading https://repo.maven.apache.org/maven2/org/apache/shiro/shiro-web/1.2.3/shiro-web-1.2.3.jar
2017-05-12 11:07:46,988 [Worker-0] INFO  o.e.m.c.i.e.AbstractTransferListenerAdapter - Downloaded https://repo.maven.apache.org/maven2/org/apache/shiro/shiro-web/1.2.3/shiro-web-1.2.3.jar
2017-05-12 11:07:47,282 [Worker-0] INFO  o.e.m.c.i.e.AbstractTransferListenerAdapter - Downloading https://repo.maven.apache.org/maven2/org/apache/shiro/shiro-aspectj/1.2.3/shiro-aspectj-1.2.3.jar
2017-05-12 11:07:47,580 [Worker-0] INFO  o.e.m.c.i.e.AbstractTransferListenerAdapter - Downloaded https://repo.maven.apache.org/maven2/org/apache/shiro/shiro-aspectj/1.2.3/shiro-aspectj-1.2.3.jar
2017-05-12 11:07:47,891 [Worker-0] INFO  o.e.m.c.i.e.AbstractTransferListenerAdapter - Downloading https://repo.maven.apache.org/maven2/org/aspectj/aspectjrt/1.6.12/aspectjrt-1.6.12.jar
2017-05-12 11:07:49,237 [Worker-0] INFO  o.e.m.c.i.e.AbstractTransferListenerAdapter - Downloaded https://repo.maven.apache.org/maven2/org/aspectj/aspectjrt/1.6.12/aspectjrt-1.6.12.jar
2017-05-12 11:07:49,513 [Worker-0] INFO  o.e.m.c.i.e.AbstractTransferListenerAdapter - Downloading https://repo.maven.apache.org/maven2/org/apache/shiro/shiro-spring/1.2.3/shiro-spring-1.2.3.jar
2017-05-12 11:07:49,860 [Worker-0] INFO  o.e.m.c.i.e.AbstractTransferListenerAdapter - Downloaded https://repo.maven.apache.org/maven2/org/apache/shiro/shiro-spring/1.2.3/shiro-spring-1.2.3.jar
2017-05-12 11:07:50,760 [Worker-0] INFO  o.e.m.c.i.l.LifecycleMappingFactory - Using org.eclipse.m2e.jdt.JarLifecycleMapping lifecycle mapping for MavenProject: cn.itcast.erp:erp_dao:0.0.1-SNAPSHOT @ D:\a\erp_parent\erp_dao\pom.xml.
2017-05-12 11:07:51,519 [Worker-0] INFO  o.e.m.c.i.l.LifecycleMappingFactory - Using org.eclipse.m2e.jdt.JarLifecycleMapping lifecycle mapping for MavenProject: cn.itcast.erp:erp_biz:0.0.1-SNAPSHOT @ D:\a\erp_parent\erp_biz\pom.xml.
2017-05-12 11:07:52,490 [Worker-0] INFO  o.e.m.c.i.l.LifecycleMappingFactory - Using org.maven.ide.eclipse.wtp.WarLifecycleMapping lifecycle mapping for MavenProject: cn.itcast.erp:erp_web:0.0.1-SNAPSHOT @ D:\a\erp_parent\erp_web\pom.xml.
2017-05-12 11:07:53,306 [Worker-0] WARN  o.e.m.c.i.embedder.EclipseLogger - Failed to retrieve plugin descriptor for org.apache.maven.plugins:maven-compiler-plugin:2.3.2: Plugin org.apache.maven.plugins:maven-compiler-plugin:2.3.2 or one of its dependencies could not be resolved: Failed to read artifact descriptor for org.apache.maven.plugins:maven-compiler-plugin:jar:2.3.2
2017-05-12 11:07:53,334 [Worker-0] WARN  o.e.m.c.i.embedder.EclipseLogger - Failed to retrieve plugin descriptor for org.apache.maven.plugins:maven-clean-plugin:2.5: Plugin org.apache.maven.plugins:maven-clean-plugin:2.5 or one of its dependencies could not be resolved: Failed to read artifact descriptor for org.apache.maven.plugins:maven-clean-plugin:jar:2.5
2017-05-12 11:07:53,341 [Worker-0] WARN  o.e.m.c.i.embedder.EclipseLogger - Failed to retrieve plugin descriptor for org.apache.maven.plugins:maven-install-plugin:2.4: Plugin org.apache.maven.plugins:maven-install-plugin:2.4 or one of its dependencies could not be resolved: Failed to read artifact descriptor for org.apache.maven.plugins:maven-install-plugin:jar:2.4
2017-05-12 11:07:53,357 [Worker-0] WARN  o.e.m.c.i.embedder.EclipseLogger - Failed to retrieve plugin descriptor for org.apache.maven.plugins:maven-resources-plugin:2.6: Plugin org.apache.maven.plugins:maven-resources-plugin:2.6 or one of its dependencies could not be resolved: Failed to read artifact descriptor for org.apache.maven.plugins:maven-resources-plugin:jar:2.6
2017-05-12 11:07:53,365 [Worker-0] WARN  o.e.m.c.i.embedder.EclipseLogger - Failed to retrieve plugin descriptor for org.apache.maven.plugins:maven-surefire-plugin:2.12.4: Plugin org.apache.maven.plugins:maven-surefire-plugin:2.12.4 or one of its dependencies could not be resolved: Failed to read artifact descriptor for org.apache.maven.plugins:maven-surefire-plugin:jar:2.12.4
2017-05-12 11:07:53,381 [Worker-0] WARN  o.e.m.c.i.embedder.EclipseLogger - Failed to retrieve plugin descriptor for org.apache.maven.plugins:maven-war-plugin:2.2: Plugin org.apache.maven.plugins:maven-war-plugin:2.2 or one of its dependencies could not be resolved: Failed to read artifact descriptor for org.apache.maven.plugins:maven-war-plugin:jar:2.2
2017-05-12 11:07:53,386 [Worker-0] WARN  o.e.m.c.i.embedder.EclipseLogger - Failed to retrieve plugin descriptor for org.apache.maven.plugins:maven-deploy-plugin:2.7: Plugin org.apache.maven.plugins:maven-deploy-plugin:2.7 or one of its dependencies could not be resolved: Failed to read artifact descriptor for org.apache.maven.plugins:maven-deploy-plugin:jar:2.7
2017-05-12 11:07:53,391 [Worker-0] WARN  o.e.m.c.i.embedder.EclipseLogger - Failed to retrieve plugin descriptor for org.apache.maven.plugins:maven-site-plugin:3.3: Plugin org.apache.maven.plugins:maven-site-plugin:3.3 or one of its dependencies could not be resolved: Failed to read artifact descriptor for org.apache.maven.plugins:maven-site-plugin:jar:3.3
2017-05-12 11:07:53,396 [Worker-0] WARN  o.e.m.c.i.embedder.EclipseLogger - Failed to retrieve plugin descriptor for org.apache.maven.plugins:maven-antrun-plugin:1.3: Plugin org.apache.maven.plugins:maven-antrun-plugin:1.3 or one of its dependencies could not be resolved: Failed to read artifact descriptor for org.apache.maven.plugins:maven-antrun-plugin:jar:1.3
2017-05-12 11:07:53,401 [Worker-0] WARN  o.e.m.c.i.embedder.EclipseLogger - Failed to retrieve plugin descriptor for org.apache.maven.plugins:maven-assembly-plugin:2.2-beta-5: Plugin org.apache.maven.plugins:maven-assembly-plugin:2.2-beta-5 or one of its dependencies could not be resolved: Failed to read artifact descriptor for org.apache.maven.plugins:maven-assembly-plugin:jar:2.2-beta-5
2017-05-12 11:07:53,428 [Worker-0] WARN  o.e.m.c.i.embedder.EclipseLogger - Failed to retrieve plugin descriptor for org.apache.maven.plugins:maven-dependency-plugin:2.8: Plugin org.apache.maven.plugins:maven-dependency-plugin:2.8 or one of its dependencies could not be resolved: Failed to read artifact descriptor for org.apache.maven.plugins:maven-dependency-plugin:jar:2.8
2017-05-12 11:07:53,434 [Worker-0] WARN  o.e.m.c.i.embedder.EclipseLogger - Failed to retrieve plugin descriptor for org.apache.maven.plugins:maven-release-plugin:2.3.2: Plugin org.apache.maven.plugins:maven-release-plugin:2.3.2 or one of its dependencies could not be resolved: Failed to read artifact descriptor for org.apache.maven.plugins:maven-release-plugin:jar:2.3.2
2017-05-12 11:07:58,006 [Worker-11] WARN  o.e.m.c.i.embedder.EclipseLogger - The POM for com.oracle:ojdbc6:jar:11.2.0.1.0 is missing, no dependency information available
2017-05-12 11:07:59,187 [Worker-11] WARN  o.e.m.c.i.embedder.EclipseLogger - The POM for com.oracle:ojdbc6:jar:11.2.0.1.0 is missing, no dependency information available
2017-05-12 11:08:00,545 [Worker-11] WARN  o.e.m.c.i.embedder.EclipseLogger - The POM for com.oracle:ojdbc6:jar:11.2.0.1.0 is missing, no dependency information available
2017-05-12 11:08:01,857 [Worker-11] WARN  o.e.m.c.i.embedder.EclipseLogger - The POM for com.oracle:ojdbc6:jar:11.2.0.1.0 is missing, no dependency information available
2017-05-12 11:08:23,319 [Worker-11] WARN  o.e.m.c.i.embedder.EclipseLogger - The POM for com.oracle:ojdbc6:jar:11.2.0.1.0 is missing, no dependency information available
2017-05-17 20:02:44,917 [Worker-9] WARN  o.e.m.c.i.embedder.EclipseLogger - The POM for com.oracle:ojdbc6:jar:11.2.0.1.0 is missing, no dependency information available
